<?xml version="1.0" encoding="UTF-8"?>
<!-- Generated by org.testng.reporters.JUnitReportReporter -->
<testsuite skipped="0" hostname="DESKTOP-D245AGR" name="testClasses.TC001_LoginToZerodhaKite" tests="1" failures="0" timestamp="2022-05-24T23:56:14 IST" time="1.199" errors="0">
  <testcase name="verifyDashboardTitle" time="1.199" classname="testClasses.TC001_LoginToZerodhaKite"/>
  <system-out/>
</testsuite> <!-- testClasses.TC001_LoginToZerodhaKite -->
