<?xml version="1.0" encoding="UTF-8"?>
<!-- Generated by org.testng.reporters.JUnitReportReporter -->
<testsuite skipped="0" hostname="DESKTOP-D245AGR" name="testClasses.TC002_AddStockInWatchlist" tests="1" failures="0" timestamp="2022-05-26T15:51:34 IST" time="56.500" errors="0">
  <testcase name="addStockToWatchlist" time="56.500" classname="testClasses.TC002_AddStockInWatchlist"/>
  <system-out/>
</testsuite> <!-- testClasses.TC002_AddStockInWatchlist -->
